<?xml version="1.0" encoding="UTF-8"?>
<!-- Generated by org.testng.reporters.JUnitReportReporter -->
<testsuite hostname="LAPTOP-BLK7VFFJ" name="kesava.MCA" tests="1" failures="0" timestamp="2 Oct 2019 06:54:09 GMT" time="64.531" errors="0">
  <testcase name="start" time="64.531" classname="kesava.MCA"/>
</testsuite> <!-- kesava.MCA -->
